"2021-04-25 10:21:10 - Starting MovieInfoServiceApplication using Java 1.8.0_261 on LAPTOP-J685BBMS with PID 1576 (E:\IntelliJWorkspace\MicroservicesLearn\movie-info-service\target\classes started by Achyut in E:\IntelliJWorkspace\MicroservicesLearn\movie-info-service)
""2021-04-25 10:21:10 - No active profile set, falling back to default profiles: default
""2021-04-25 10:21:14 - Bootstrapping Spring Data JPA repositories in DEFAULT mode.
""2021-04-25 10:21:15 - Finished Spring Data repository scanning in 484 ms. Found 1 JPA repository interfaces.
""2021-04-25 10:21:17 - Tomcat initialized with port(s): 9090 (http)
""2021-04-25 10:21:17 - Starting service [Tomcat]
""2021-04-25 10:21:17 - Starting Servlet engine: [Apache Tomcat/9.0.41]
""2021-04-25 10:21:18 - Initializing Spring embedded WebApplicationContext
""2021-04-25 10:21:18 - Root WebApplicationContext: initialization completed in 7429 ms
""2021-04-25 10:21:20 - HHH000204: Processing PersistenceUnitInfo [name: default]
""2021-04-25 10:21:20 - HHH000412: Hibernate ORM core version 5.4.27.Final
""2021-04-25 10:21:22 - HCANN000001: Hibernate Commons Annotations {5.1.2.Final}
""2021-04-25 10:21:22 - HikariPool-1 - Starting...
""2021-04-25 10:21:23 - HikariPool-1 - Start completed.
""2021-04-25 10:21:23 - HHH000400: Using dialect: org.hibernate.dialect.MySQL8Dialect
""2021-04-25 10:21:25 - HHH000490: Using JtaPlatform implementation: [org.hibernate.engine.transaction.jta.platform.internal.NoJtaPlatform]
""2021-04-25 10:21:25 - Initialized JPA EntityManagerFactory for persistence unit 'default'
""2021-04-25 10:21:27 - spring.jpa.open-in-view is enabled by default. Therefore, database queries may be performed during view rendering. Explicitly configure spring.jpa.open-in-view to disable this warning
""2021-04-25 10:21:28 - Mapped URL path [/v2/api-docs] onto method [springfox.documentation.swagger2.web.Swagger2Controller#getDocumentation(String, HttpServletRequest)]
""2021-04-25 10:21:29 - Initializing ExecutorService 'applicationTaskExecutor'
""2021-04-25 10:21:31 - Tomcat started on port(s): 9090 (http) with context path ''
""2021-04-25 10:21:31 - Context refreshed
""2021-04-25 10:21:31 - Found 1 custom documentation plugin(s)
""2021-04-25 10:21:31 - Scanning for api listing references
""2021-04-25 10:21:32 - Started MovieInfoServiceApplication in 22.96 seconds (JVM running for 27.48)
""2021-04-25 10:26:36 - Initializing Spring DispatcherServlet 'dispatcherServlet'
""2021-04-25 10:26:36 - Initializing Servlet 'dispatcherServlet'
""2021-04-25 10:26:36 - Completed initialization in 4 ms
""2021-04-25 10:27:17 - Movie finded : Movie(movieId=golmaal, movieName=Golmal unlimited fun, movieDescription=this golmal movie description, genre=Drama, releaseYear=2005) using movieID : golmaal
""2021-04-25 10:28:17 - Movie is saved : Movie(movieId=string, movieName=string, movieDescription=string, genre=string, releaseYear=string)
""2021-04-25 10:54:11 - HikariPool-1 - Thread starvation or clock leap detected (housekeeper delta=5m9s385ms851µs800ns).
"